<?xml version="1.0" encoding="UTF-8"?>
<!-- Generated by org.testng.reporters.JUnitXMLReporter -->
<testsuite hostname="SDS-V-MUTHU-MAC" ignored="0" name="parallel test" tests="4" failures="0" timestamp="01 Apr 2019 18:31:26 GMT" time="0.038" errors="0">
  <testcase name="test123" time="0.01" classname="tests.api.Test2"/>
  <testcase name="test12" time="0.01" classname="tests.api.Test2"/>
  <testcase name="test124" time="0.01" classname="tests.api.Test2"/>
  <testcase name="test125" time="0.01" classname="tests.api.Test2"/>
</testsuite> <!-- parallel test -->
